#
# There is insufficient memory for the Java Runtime Environment to continue.
# Native memory allocation (malloc) failed to allocate 262160 bytes. Error detail: Chunk::new
# Possible reasons:
#   The system is out of physical RAM or swap space
#   This process is running with CompressedOops enabled, and the Java Heap may be blocking the growth of the native heap
# Possible solutions:
#   Reduce memory load on the system
#   Increase physical memory or swap space
#   Check if swap backing store is full
#   Decrease Java heap size (-Xmx/-Xms)
#   Decrease number of Java threads
#   Decrease Java thread stack sizes (-Xss)
#   Set larger code cache with -XX:ReservedCodeCacheSize=
#   JVM is running with Unscaled Compressed Oops mode in which the Java heap is
#     placed in the first 4GB address space. The Java Heap base address is the
#     maximum limit for the native heap growth. Please use -XX:HeapBaseMinAddress
#     to set the Java Heap base and to place the Java Heap above 4GB virtual address.
# This output file may be truncated or incomplete.
#
#  Out of Memory Error (arena.cpp:168), pid=19764, tid=15264
#
# JRE version: OpenJDK Runtime Environment Temurin-21.0.7+6 (21.0.7+6) (build 21.0.7+6-LTS)
# Java VM: OpenJDK 64-Bit Server VM Temurin-21.0.7+6 (21.0.7+6-LTS, mixed mode, sharing, tiered, compressed oops, compressed class ptrs, parallel gc, windows-amd64)
# No core dump will be written. Minidumps are not enabled by default on client versions of Windows
#

---------------  S U M M A R Y ------------

Command Line: --add-modules=ALL-SYSTEM --add-opens=java.base/java.util=ALL-UNNAMED --add-opens=java.base/java.lang=ALL-UNNAMED --add-opens=java.base/sun.nio.fs=ALL-UNNAMED -Declipse.application=org.eclipse.jdt.ls.core.id1 -Dosgi.bundles.defaultStartLevel=4 -Declipse.product=org.eclipse.jdt.ls.core.product -Djava.import.generatesMetadataFilesAtProjectRoot=false -DDetectVMInstallationsJob.disabled=true -Dfile.encoding=utf8 -XX:+UseParallelGC -XX:GCTimeRatio=4 -XX:AdaptiveSizePolicyWeight=90 -Dsun.zip.disableMemoryMapping=true -Xmx1G -Xms100m -Xlog:disable -javaagent:c:\Users\lenovo\.vscode\extensions\redhat.java-1.42.0-win32-x64\lombok\lombok-1.18.36.jar -XX:+HeapDumpOnOutOfMemoryError -XX:HeapDumpPath=c:\Users\lenovo\AppData\Roaming\Code\User\workspaceStorage\badaf9e1b98650bc8b6e5c580e6dca36\redhat.java -Daether.dependencyCollector.impl=bf c:\Users\lenovo\.vscode\extensions\redhat.java-1.42.0-win32-x64\server\plugins\org.eclipse.equinox.launcher_1.7.0.v20250424-1814.jar -configuration c:\Users\lenovo\AppData\Roaming\Code\User\globalStorage\redhat.java\1.42.0\config_win -data c:\Users\lenovo\AppData\Roaming\Code\User\workspaceStorage\badaf9e1b98650bc8b6e5c580e6dca36\redhat.java\jdt_ws --pipe=\\.\pipe\lsp-35ca0acc292b2ac91cdf53756bc58f6f-sock

Host: Intel(R) Core(TM) i5-10210U CPU @ 1.60GHz, 8 cores, 11G,  Windows 11 , 64 bit Build 22621 (10.0.22621.5413)
Time: Thu Jun 12 21:20:40 2025  Windows 11 , 64 bit Build 22621 (10.0.22621.5413) elapsed time: 44.168668 seconds (0d 0h 0m 44s)

---------------  T H R E A D  ---------------

Current thread (0x0000021cfecf5ec0):  JavaThread "C2 CompilerThread0" daemon [_thread_in_native, id=15264, stack(0x00000026a4200000,0x00000026a4300000) (1024K)]


Current CompileTask:
C2:44168 11960   !   4       org.codehaus.plexus.interpolation.StringSearchInterpolator::interpolate (668 bytes)

Stack: [0x00000026a4200000,0x00000026a4300000]
Native frames: (J=compiled Java code, j=interpreted, Vv=VM code, C=native code)
V  [jvm.dll+0x6ce119]
V  [jvm.dll+0x8a84a1]
V  [jvm.dll+0x8aa9ce]
V  [jvm.dll+0x8ab0b3]
V  [jvm.dll+0x27f8a6]
V  [jvm.dll+0xc507d]
V  [jvm.dll+0xc55b3]
V  [jvm.dll+0xc51a5]
V  [jvm.dll+0x6a96fc]
V  [jvm.dll+0x24f3a9]
V  [jvm.dll+0x6f38e7]
V  [jvm.dll+0x250057]
V  [jvm.dll+0x246d73]
V  [jvm.dll+0x1c760e]
V  [jvm.dll+0x25695a]
V  [jvm.dll+0x254efa]
V  [jvm.dll+0x3f03f6]
V  [jvm.dll+0x851f6b]
V  [jvm.dll+0x6cc7dd]
C  [ucrtbase.dll+0x29333]
C  [KERNEL32.DLL+0x1259d]
C  [ntdll.dll+0x5af78]


---------------  P R O C E S S  ---------------

Threads class SMR info:
_java_thread_list=0x0000021cd8387e70, length=66, elements={
0x0000021cfb933950, 0x0000021cfb9ed600, 0x0000021cfece7fe0, 0x0000021cfece9af0,
0x0000021cfeceac80, 0x0000021cfecebb90, 0x0000021cfecef700, 0x0000021cfecf5ec0,
0x0000021cd27e4580, 0x0000021cd2876ed0, 0x0000021cd2a9ba00, 0x0000021cd746ff10,
0x0000021cd7a02920, 0x0000021cd7732e70, 0x0000021cd77334d0, 0x0000021cd76a7330,
0x0000021cd28a70b0, 0x0000021cd78aa7b0, 0x0000021cd78a8d70, 0x0000021cd78a9400,
0x0000021cd78a8050, 0x0000021cd78a86e0, 0x0000021cd78aa120, 0x0000021cd78a9a90,
0x0000021cd7b8a960, 0x0000021cd7b8c3a0, 0x0000021cd7b8d0c0, 0x0000021cd7b8aff0,
0x0000021cd7b895b0, 0x0000021cd7b8eb00, 0x0000021cd7b89c40, 0x0000021cd7b8bd10,
0x0000021cd7b8b680, 0x0000021cd7b8ca30, 0x0000021cd7b8a2d0, 0x0000021cd7b8d750,
0x0000021cd7b8dde0, 0x0000021cd7b8f190, 0x0000021cd7b8e470, 0x0000021cd7b8f820,
0x0000021cd7b88890, 0x0000021cd7b88f20, 0x0000021cd7b8feb0, 0x0000021cd78ab4d0,
0x0000021cdc6538d0, 0x0000021cdc651e90, 0x0000021cdc657a70, 0x0000021cdc658790,
0x0000021cdc656d50, 0x0000021cdc654c80, 0x0000021cdc653240, 0x0000021cdc653f60,
0x0000021cdc652520, 0x0000021cdc652bb0, 0x0000021cdc6545f0, 0x0000021cdc6594b0,
0x0000021cdc655310, 0x0000021cdc6559a0, 0x0000021cdc656030, 0x0000021cd97dad10,
0x0000021cd97dc750, 0x0000021cd97dba30, 0x0000021cd97e08f0, 0x0000021cd97de190,
0x0000021cd8612ad0, 0x0000021cd86108c0
}

Java Threads: ( => current thread )
  0x0000021cfb933950 JavaThread "main"                              [_thread_blocked, id=25008, stack(0x00000026a3800000,0x00000026a3900000) (1024K)]
  0x0000021cfb9ed600 JavaThread "Reference Handler"          daemon [_thread_blocked, id=6608, stack(0x00000026a3c00000,0x00000026a3d00000) (1024K)]
  0x0000021cfece7fe0 JavaThread "Finalizer"                  daemon [_thread_blocked, id=4188, stack(0x00000026a3d00000,0x00000026a3e00000) (1024K)]
  0x0000021cfece9af0 JavaThread "Signal Dispatcher"          daemon [_thread_blocked, id=10968, stack(0x00000026a3e00000,0x00000026a3f00000) (1024K)]
  0x0000021cfeceac80 JavaThread "Attach Listener"            daemon [_thread_blocked, id=27844, stack(0x00000026a3f00000,0x00000026a4000000) (1024K)]
  0x0000021cfecebb90 JavaThread "Service Thread"             daemon [_thread_blocked, id=30568, stack(0x00000026a4000000,0x00000026a4100000) (1024K)]
  0x0000021cfecef700 JavaThread "Monitor Deflation Thread"   daemon [_thread_blocked, id=7640, stack(0x00000026a4100000,0x00000026a4200000) (1024K)]
=>0x0000021cfecf5ec0 JavaThread "C2 CompilerThread0"         daemon [_thread_in_native, id=15264, stack(0x00000026a4200000,0x00000026a4300000) (1024K)]
  0x0000021cd27e4580 JavaThread "C1 CompilerThread0"         daemon [_thread_blocked, id=20088, stack(0x00000026a4300000,0x00000026a4400000) (1024K)]
  0x0000021cd2876ed0 JavaThread "Common-Cleaner"             daemon [_thread_blocked, id=20640, stack(0x00000026a4400000,0x00000026a4500000) (1024K)]
  0x0000021cd2a9ba00 JavaThread "Notification Thread"        daemon [_thread_blocked, id=22484, stack(0x00000026a4500000,0x00000026a4600000) (1024K)]
  0x0000021cd746ff10 JavaThread "Active Thread: Equinox Container: c91faf24-ca80-4676-87f8-6e285f07a7d5"        [_thread_blocked, id=12400, stack(0x00000026a4600000,0x00000026a4700000) (1024K)]
  0x0000021cd7a02920 JavaThread "Refresh Thread: Equinox Container: c91faf24-ca80-4676-87f8-6e285f07a7d5" daemon [_thread_blocked, id=29156, stack(0x00000026a4700000,0x00000026a4800000) (1024K)]
  0x0000021cd7732e70 JavaThread "Framework Event Dispatcher: Equinox Container: c91faf24-ca80-4676-87f8-6e285f07a7d5" daemon [_thread_blocked, id=19312, stack(0x00000026a4f00000,0x00000026a5000000) (1024K)]
  0x0000021cd77334d0 JavaThread "Start Level: Equinox Container: c91faf24-ca80-4676-87f8-6e285f07a7d5" daemon [_thread_blocked, id=17892, stack(0x00000026a5000000,0x00000026a5100000) (1024K)]
  0x0000021cd76a7330 JavaThread "Bundle File Closer"         daemon [_thread_blocked, id=28652, stack(0x00000026a5200000,0x00000026a5300000) (1024K)]
  0x0000021cd28a70b0 JavaThread "SCR Component Actor"        daemon [_thread_blocked, id=7724, stack(0x00000026a5100000,0x00000026a5200000) (1024K)]
  0x0000021cd78aa7b0 JavaThread "Worker-JM"                         [_thread_blocked, id=19160, stack(0x00000026a5500000,0x00000026a5600000) (1024K)]
  0x0000021cd78a8d70 JavaThread "JNA Cleaner"                daemon [_thread_blocked, id=21040, stack(0x00000026a5700000,0x00000026a5800000) (1024K)]
  0x0000021cd78a9400 JavaThread "Worker-0"                          [_thread_blocked, id=18608, stack(0x00000026a5800000,0x00000026a5900000) (1024K)]
  0x0000021cd78a8050 JavaThread "Worker-1"                          [_thread_blocked, id=25164, stack(0x00000026a5900000,0x00000026a5a00000) (1024K)]
  0x0000021cd78a86e0 JavaThread "Java indexing"              daemon [_thread_blocked, id=30328, stack(0x00000026a5a00000,0x00000026a5b00000) (1024K)]
  0x0000021cd78aa120 JavaThread "Worker-2: Java indexing... "        [_thread_blocked, id=23368, stack(0x00000026a5b00000,0x00000026a5c00000) (1024K)]
  0x0000021cd78a9a90 JavaThread "Worker-3: Building"                [_thread_blocked, id=1156, stack(0x00000026a5c00000,0x00000026a5d00000) (1024K)]
  0x0000021cd7b8a960 JavaThread "Worker-4"                          [_thread_blocked, id=21364, stack(0x00000026a5d00000,0x00000026a5e00000) (1024K)]
  0x0000021cd7b8c3a0 JavaThread "Thread-2"                   daemon [_thread_in_native, id=6536, stack(0x00000026a5e00000,0x00000026a5f00000) (1024K)]
  0x0000021cd7b8d0c0 JavaThread "Thread-3"                   daemon [_thread_in_native, id=10232, stack(0x00000026a5f00000,0x00000026a6000000) (1024K)]
  0x0000021cd7b8aff0 JavaThread "Thread-4"                   daemon [_thread_in_native, id=25708, stack(0x00000026a6000000,0x00000026a6100000) (1024K)]
  0x0000021cd7b895b0 JavaThread "Thread-5"                   daemon [_thread_in_native, id=4612, stack(0x00000026a6100000,0x00000026a6200000) (1024K)]
  0x0000021cd7b8eb00 JavaThread "Thread-6"                   daemon [_thread_in_native, id=22968, stack(0x00000026a6200000,0x00000026a6300000) (1024K)]
  0x0000021cd7b89c40 JavaThread "Thread-7"                   daemon [_thread_in_native, id=3700, stack(0x00000026a6300000,0x00000026a6400000) (1024K)]
  0x0000021cd7b8bd10 JavaThread "Thread-8"                   daemon [_thread_in_native, id=24524, stack(0x00000026a6400000,0x00000026a6500000) (1024K)]
  0x0000021cd7b8b680 JavaThread "Thread-9"                   daemon [_thread_in_native, id=5784, stack(0x00000026a6500000,0x00000026a6600000) (1024K)]
  0x0000021cd7b8ca30 JavaThread "Thread-10"                  daemon [_thread_in_native, id=21136, stack(0x00000026a6600000,0x00000026a6700000) (1024K)]
  0x0000021cd7b8a2d0 JavaThread "pool-2-thread-1"                   [_thread_blocked, id=21588, stack(0x00000026a6700000,0x00000026a6800000) (1024K)]
  0x0000021cd7b8d750 JavaThread "WorkspaceEventsHandler"            [_thread_blocked, id=27936, stack(0x00000026a6800000,0x00000026a6900000) (1024K)]
  0x0000021cd7b8dde0 JavaThread "pool-1-thread-1"                   [_thread_blocked, id=7924, stack(0x00000026a6900000,0x00000026a6a00000) (1024K)]
  0x0000021cd7b8f190 JavaThread "Worker-5"                          [_thread_blocked, id=4868, stack(0x00000026a6a00000,0x00000026a6b00000) (1024K)]
  0x0000021cd7b8e470 JavaThread "LocalFile Deleter"          daemon [_thread_blocked, id=24596, stack(0x00000026a5300000,0x00000026a5400000) (1024K)]
  0x0000021cd7b8f820 JavaThread "LocalFile Deleter"          daemon [_thread_blocked, id=23188, stack(0x00000026a6b00000,0x00000026a6c00000) (1024K)]
  0x0000021cd7b88890 JavaThread "LocalFile Deleter"          daemon [_thread_blocked, id=23936, stack(0x00000026a6c00000,0x00000026a6d00000) (1024K)]
  0x0000021cd7b88f20 JavaThread "LocalFile Deleter"          daemon [_thread_blocked, id=30144, stack(0x00000026a6d00000,0x00000026a6e00000) (1024K)]
  0x0000021cd7b8feb0 JavaThread "LocalFile Deleter"          daemon [_thread_blocked, id=28952, stack(0x00000026a6e00000,0x00000026a6f00000) (1024K)]
  0x0000021cd78ab4d0 JavaThread "LocalFile Deleter"          daemon [_thread_blocked, id=29344, stack(0x00000026a6f00000,0x00000026a7000000) (1024K)]
  0x0000021cdc6538d0 JavaThread "LocalFile Deleter"          daemon [_thread_blocked, id=26396, stack(0x00000026a7000000,0x00000026a7100000) (1024K)]
  0x0000021cdc651e90 JavaThread "LocalFile Deleter"          daemon [_thread_blocked, id=21620, stack(0x00000026a7100000,0x00000026a7200000) (1024K)]
  0x0000021cdc657a70 JavaThread "Compiler Source File Reader" daemon [_thread_blocked, id=4076, stack(0x00000026a7200000,0x00000026a7300000) (1024K)]
  0x0000021cdc658790 JavaThread "Compiler Source File Reader" daemon [_thread_blocked, id=12936, stack(0x00000026a7300000,0x00000026a7400000) (1024K)]
  0x0000021cdc656d50 JavaThread "Compiler Source File Reader" daemon [_thread_blocked, id=9844, stack(0x00000026a7400000,0x00000026a7500000) (1024K)]
  0x0000021cdc654c80 JavaThread "Compiler Source File Reader" daemon [_thread_blocked, id=16920, stack(0x00000026a7500000,0x00000026a7600000) (1024K)]
  0x0000021cdc653240 JavaThread "Compiler Source File Reader" daemon [_thread_blocked, id=15124, stack(0x00000026a7600000,0x00000026a7700000) (1024K)]
  0x0000021cdc653f60 JavaThread "Compiler Source File Reader" daemon [_thread_blocked, id=3388, stack(0x00000026a7700000,0x00000026a7800000) (1024K)]
  0x0000021cdc652520 JavaThread "Compiler Processing Task"   daemon [_thread_blocked, id=24844, stack(0x00000026a7800000,0x00000026a7900000) (1024K)]
  0x0000021cdc652bb0 JavaThread "Compiler Class File Writer" daemon [_thread_blocked, id=26276, stack(0x00000026a7900000,0x00000026a7a00000) (1024K)]
  0x0000021cdc6545f0 JavaThread "Compiler Class File Writer" daemon [_thread_blocked, id=15568, stack(0x00000026a7a00000,0x00000026a7b00000) (1024K)]
  0x0000021cdc6594b0 JavaThread "Compiler Class File Writer" daemon [_thread_blocked, id=26620, stack(0x00000026a7b00000,0x00000026a7c00000) (1024K)]
  0x0000021cdc655310 JavaThread "Compiler Class File Writer" daemon [_thread_blocked, id=2240, stack(0x00000026a7c00000,0x00000026a7d00000) (1024K)]
  0x0000021cdc6559a0 JavaThread "Compiler Class File Writer" daemon [_thread_blocked, id=23240, stack(0x00000026a7d00000,0x00000026a7e00000) (1024K)]
  0x0000021cdc656030 JavaThread "Compiler Class File Writer" daemon [_thread_blocked, id=10812, stack(0x00000026a7e00000,0x00000026a7f00000) (1024K)]
  0x0000021cd97dad10 JavaThread "ParallelDescriptorResolver-0-0" daemon [_thread_in_Java, id=22020, stack(0x00000026a5400000,0x00000026a5500000) (1024K)]
  0x0000021cd97dc750 JavaThread "ParallelDescriptorResolver-0-1" daemon [_thread_in_Java, id=8400, stack(0x00000026a5600000,0x00000026a5700000) (1024K)]
  0x0000021cd97dba30 JavaThread "ParallelDescriptorResolver-0-2" daemon [_thread_in_native, id=30148, stack(0x00000026a7f00000,0x00000026a8000000) (1024K)]
  0x0000021cd97e08f0 JavaThread "ParallelDescriptorResolver-0-3" daemon [_thread_in_native, id=13484, stack(0x00000026a8000000,0x00000026a8100000) (1024K)]
  0x0000021cd97de190 JavaThread "ParallelDescriptorResolver-0-4" daemon [_thread_in_native, id=27000, stack(0x00000026a8100000,0x00000026a8200000) (1024K)]
  0x0000021cd8612ad0 JavaThread "C2 CompilerThread1"         daemon [_thread_in_native, id=29640, stack(0x00000026a8200000,0x00000026a8300000) (1024K)]
  0x0000021cd86108c0 JavaThread "C2 CompilerThread2"         daemon [_thread_in_native, id=30140, stack(0x00000026a8500000,0x00000026a8600000) (1024K)]
Total: 66

Other Threads:
  0x0000021cfece3670 VMThread "VM Thread"                           [id=15888, stack(0x00000026a3b00000,0x00000026a3c00000) (1024K)]
  0x0000021cfb99fd80 WatcherThread "VM Periodic Task Thread"        [id=1188, stack(0x00000026a3a00000,0x00000026a3b00000) (1024K)]
  0x0000021cfb954040 WorkerThread "GC Thread#0"                     [id=26504, stack(0x00000026a3900000,0x00000026a3a00000) (1024K)]
  0x0000021cd70ed670 WorkerThread "GC Thread#1"                     [id=21648, stack(0x00000026a4800000,0x00000026a4900000) (1024K)]
  0x0000021cd70eda10 WorkerThread "GC Thread#2"                     [id=12228, stack(0x00000026a4900000,0x00000026a4a00000) (1024K)]
  0x0000021cd7715670 WorkerThread "GC Thread#3"                     [id=21384, stack(0x00000026a4a00000,0x00000026a4b00000) (1024K)]
  0x0000021cd7715a10 WorkerThread "GC Thread#4"                     [id=23256, stack(0x00000026a4b00000,0x00000026a4c00000) (1024K)]
  0x0000021cd74e21a0 WorkerThread "GC Thread#5"                     [id=27476, stack(0x00000026a4c00000,0x00000026a4d00000) (1024K)]
  0x0000021cd74e2540 WorkerThread "GC Thread#6"                     [id=15764, stack(0x00000026a4d00000,0x00000026a4e00000) (1024K)]
  0x0000021cd74ba080 WorkerThread "GC Thread#7"                     [id=8896, stack(0x00000026a4e00000,0x00000026a4f00000) (1024K)]
Total: 10

Threads with active compile tasks:
C2 CompilerThread0  44323 11960   !   4       org.codehaus.plexus.interpolation.StringSearchInterpolator::interpolate (668 bytes)
C2 CompilerThread1  44323 11952       4       java.lang.invoke.MethodType::makeImpl (109 bytes)
C2 CompilerThread2  44323 12016       4       org.codehaus.plexus.util.xml.pull.MXParser::nextImpl (1203 bytes)
Total: 3

VM state: not at safepoint (normal execution)

VM Mutex/Monitor currently owned by a thread: None

Heap address: 0x00000000c0000000, size: 1024 MB, Compressed Oops mode: 32-bit

CDS archive(s) mapped at: [0x0000021c91000000-0x0000021c91ba0000-0x0000021c91ba0000), size 12189696, SharedBaseAddress: 0x0000021c91000000, ArchiveRelocationMode: 1.
Compressed class space mapped at: 0x0000021c92000000-0x0000021cd2000000, reserved size: 1073741824
Narrow klass base: 0x0000021c91000000, Narrow klass shift: 0, Narrow klass range: 0x100000000

GC Precious Log:
 CardTable entry size: 512
 CPUs: 8 total, 8 available
 Memory: 12121M
 Large Page Support: Disabled
 NUMA Support: Disabled
 Compressed Oops: Enabled (32-bit)
 Alignments: Space 512K, Generation 512K, Heap 2M
 Heap Min Capacity: 100M
 Heap Initial Capacity: 100M
 Heap Max Capacity: 1G
 Pre-touch: Disabled
 Parallel Workers: 8

Heap:
 PSYoungGen      total 3072K, used 2997K [0x00000000eab00000, 0x00000000eaf00000, 0x0000000100000000)
  eden space 2560K, 99% used [0x00000000eab00000,0x00000000ead7d580,0x00000000ead80000)
  from space 512K, 87% used [0x00000000eae80000,0x00000000eaef0000,0x00000000eaf00000)
  to   space 512K, 0% used [0x00000000eae00000,0x00000000eae00000,0x00000000eae80000)
 ParOldGen       total 147456K, used 147311K [0x00000000c0000000, 0x00000000c9000000, 0x00000000eab00000)
  object space 147456K, 99% used [0x00000000c0000000,0x00000000c8fdbec8,0x00000000c9000000)
 Metaspace       used 60662K, committed 62016K, reserved 1114112K
  class space    used 5988K, committed 6592K, reserved 1048576K

Card table byte_map: [0x0000021cfb300000,0x0000021cfb510000] _byte_map_base: 0x0000021cfad00000

Marking Bits: (ParMarkBitMap*) 0x00007ff82a5831f0
 Begin Bits: [0x0000021c8f000000, 0x0000021c90000000)
 End Bits:   [0x0000021c90000000, 0x0000021c91000000)

Polling page: 0x0000021cfb0f0000

Metaspace:

Usage:
  Non-class:     53.39 MB used.
      Class:      5.85 MB used.
       Both:     59.24 MB used.

Virtual space:
  Non-class space:       64.00 MB reserved,      54.12 MB ( 85%) committed,  1 nodes.
      Class space:        1.00 GB reserved,       6.44 MB ( <1%) committed,  1 nodes.
             Both:        1.06 GB reserved,      60.56 MB (  6%) committed. 

Chunk freelists:
   Non-Class:  9.48 MB
       Class:  9.53 MB
        Both:  19.02 MB

MaxMetaspaceSize: unlimited
CompressedClassSpaceSize: 1.00 GB
Initial GC threshold: 21.00 MB
Current GC threshold: 97.31 MB
CDS: on
 - commit_granule_bytes: 65536.
 - commit_granule_words: 8192.
 - virtual_space_node_default_size: 8388608.
 - enlarge_chunks_in_place: 1.
 - use_allocation_guard: 0.


Internal statistics:

num_allocs_failed_limit: 9.
num_arena_births: 1138.
num_arena_deaths: 14.
num_vsnodes_births: 2.
num_vsnodes_deaths: 0.
num_space_committed: 968.
num_space_uncommitted: 0.
num_chunks_returned_to_freelist: 23.
num_chunks_taken_from_freelist: 4000.
num_chunk_merges: 10.
num_chunk_splits: 2435.
num_chunks_enlarged: 1336.
num_inconsistent_stats: 0.

CodeHeap 'non-profiled nmethods': size=120000Kb used=9488Kb max_used=9488Kb free=110511Kb
 bounds [0x0000021c87ad0000, 0x0000021c88420000, 0x0000021c8f000000]
CodeHeap 'profiled nmethods': size=120000Kb used=29140Kb max_used=29140Kb free=90859Kb
 bounds [0x0000021c80000000, 0x0000021c81c80000, 0x0000021c87530000]
CodeHeap 'non-nmethods': size=5760Kb used=1410Kb max_used=1555Kb free=4349Kb
 bounds [0x0000021c87530000, 0x0000021c877a0000, 0x0000021c87ad0000]
 total_blobs=11869 nmethods=11146 adapters=628
 compilation: enabled
              stopped_count=0, restarted_count=0
 full_count=0

Compilation events (20 events):
Event: 44.105 Thread 0x0000021cfecf5ec0 11960   !   4       org.codehaus.plexus.interpolation.StringSearchInterpolator::interpolate (668 bytes)
Event: 44.106 Thread 0x0000021cd27e4580 nmethod 11979 0x0000021c81c59290 code [0x0000021c81c594a0, 0x0000021c81c59c48]
Event: 44.108 Thread 0x0000021cd27e4580 11980       3       org.eclipse.aether.graph.Exclusion::hashCode (57 bytes)
Event: 44.108 Thread 0x0000021cd27e4580 nmethod 11980 0x0000021c81c59e90 code [0x0000021c81c5a060, 0x0000021c81c5a298]
Event: 44.127 Thread 0x0000021cd27e4580 11981       3       org.apache.maven.model.Reporting::getPlugins (23 bytes)
Event: 44.128 Thread 0x0000021cd27e4580 nmethod 11981 0x0000021c81c5a410 code [0x0000021c81c5a5e0, 0x0000021c81c5a930]
Event: 44.130 Thread 0x0000021cd27e4580 11983       3       org.apache.maven.model.building.ModelData::getArtifactId (17 bytes)
Event: 44.130 Thread 0x0000021cd27e4580 nmethod 11983 0x0000021c81c5aa90 code [0x0000021c81c5ac40, 0x0000021c81c5adc0]
Event: 44.146 Thread 0x0000021cd27e4580 11984       1       org.apache.maven.model.Model::setPackaging (6 bytes)
Event: 44.146 Thread 0x0000021cd27e4580 nmethod 11984 0x0000021c88412090 code [0x0000021c88412220, 0x0000021c88412300]
Event: 44.147 Thread 0x0000021cd27e4580 11985       3       java.util.regex.Pattern$BnM::optimize (179 bytes)
Event: 44.148 Thread 0x0000021cd27e4580 nmethod 11985 0x0000021c81c5ae90 code [0x0000021c81c5b0e0, 0x0000021c81c5bcf8]
Event: 44.148 Thread 0x0000021cd27e4580 11986       3       java.util.regex.Pattern::curly (66 bytes)
Event: 44.148 Thread 0x0000021cd27e4580 nmethod 11986 0x0000021c81c5c090 code [0x0000021c81c5c2e0, 0x0000021c81c5ceb8]
Event: 44.148 Thread 0x0000021cd27e4580 11989       3       org.apache.maven.model.Model::getContributors (23 bytes)
Event: 44.149 Thread 0x0000021cd27e4580 nmethod 11989 0x0000021c81c5d210 code [0x0000021c81c5d3e0, 0x0000021c81c5d738]
Event: 44.149 Thread 0x0000021cd27e4580 11987       3       org.apache.maven.model.ModelBase::<init> (5 bytes)
Event: 44.149 Thread 0x0000021cd27e4580 nmethod 11987 0x0000021c81c5d890 code [0x0000021c81c5da40, 0x0000021c81c5dba8]
Event: 44.149 Thread 0x0000021cd27e4580 11988       1       org.apache.maven.model.Organization::getUrl (5 bytes)
Event: 44.149 Thread 0x0000021cd27e4580 nmethod 11988 0x0000021c88412390 code [0x0000021c88412520, 0x0000021c884125e8]

GC Heap History (20 events):
Event: 43.392 GC heap before
{Heap before GC invocations=152 (full 3):
 PSYoungGen      total 3584K, used 3569K [0x00000000eab00000, 0x00000000eb000000, 0x0000000100000000)
  eden space 3072K, 99% used [0x00000000eab00000,0x00000000eadfc560,0x00000000eae00000)
  from space 512K, 100% used [0x00000000eaf80000,0x00000000eb000000,0x00000000eb000000)
  to   space 1024K, 0% used [0x00000000eae00000,0x00000000eae00000,0x00000000eaf00000)
 ParOldGen       total 142336K, used 142297K [0x00000000c0000000, 0x00000000c8b00000, 0x00000000eab00000)
  object space 142336K, 99% used [0x00000000c0000000,0x00000000c8af6780,0x00000000c8b00000)
 Metaspace       used 60485K, committed 61824K, reserved 1114112K
  class space    used 5975K, committed 6592K, reserved 1048576K
}
Event: 43.394 GC heap after
{Heap after GC invocations=152 (full 3):
 PSYoungGen      total 4096K, used 480K [0x00000000eab00000, 0x00000000eb000000, 0x0000000100000000)
  eden space 3072K, 0% used [0x00000000eab00000,0x00000000eab00000,0x00000000eae00000)
  from space 1024K, 46% used [0x00000000eae00000,0x00000000eae78000,0x00000000eaf00000)
  to   space 1024K, 0% used [0x00000000eaf00000,0x00000000eaf00000,0x00000000eb000000)
 ParOldGen       total 142848K, used 142689K [0x00000000c0000000, 0x00000000c8b80000, 0x00000000eab00000)
  object space 142848K, 99% used [0x00000000c0000000,0x00000000c8b58780,0x00000000c8b80000)
 Metaspace       used 60485K, committed 61824K, reserved 1114112K
  class space    used 5975K, committed 6592K, reserved 1048576K
}
Event: 43.432 GC heap before
{Heap before GC invocations=153 (full 3):
 PSYoungGen      total 4096K, used 3552K [0x00000000eab00000, 0x00000000eb000000, 0x0000000100000000)
  eden space 3072K, 100% used [0x00000000eab00000,0x00000000eae00000,0x00000000eae00000)
  from space 1024K, 46% used [0x00000000eae00000,0x00000000eae78000,0x00000000eaf00000)
  to   space 1024K, 0% used [0x00000000eaf00000,0x00000000eaf00000,0x00000000eb000000)
 ParOldGen       total 142848K, used 142689K [0x00000000c0000000, 0x00000000c8b80000, 0x00000000eab00000)
  object space 142848K, 99% used [0x00000000c0000000,0x00000000c8b58780,0x00000000c8b80000)
 Metaspace       used 60490K, committed 61824K, reserved 1114112K
  class space    used 5975K, committed 6592K, reserved 1048576K
}
Event: 43.436 GC heap after
{Heap after GC invocations=153 (full 3):
 PSYoungGen      total 3584K, used 448K [0x00000000eab00000, 0x00000000eaf80000, 0x0000000100000000)
  eden space 3072K, 0% used [0x00000000eab00000,0x00000000eab00000,0x00000000eae00000)
  from space 512K, 87% used [0x00000000eaf00000,0x00000000eaf70000,0x00000000eaf80000)
  to   space 512K, 0% used [0x00000000eae80000,0x00000000eae80000,0x00000000eaf00000)
 ParOldGen       total 143360K, used 143057K [0x00000000c0000000, 0x00000000c8c00000, 0x00000000eab00000)
  object space 143360K, 99% used [0x00000000c0000000,0x00000000c8bb4780,0x00000000c8c00000)
 Metaspace       used 60490K, committed 61824K, reserved 1114112K
  class space    used 5975K, committed 6592K, reserved 1048576K
}
Event: 43.478 GC heap before
{Heap before GC invocations=154 (full 3):
 PSYoungGen      total 3584K, used 3520K [0x00000000eab00000, 0x00000000eaf80000, 0x0000000100000000)
  eden space 3072K, 100% used [0x00000000eab00000,0x00000000eae00000,0x00000000eae00000)
  from space 512K, 87% used [0x00000000eaf00000,0x00000000eaf70000,0x00000000eaf80000)
  to   space 512K, 0% used [0x00000000eae80000,0x00000000eae80000,0x00000000eaf00000)
 ParOldGen       total 143360K, used 143057K [0x00000000c0000000, 0x00000000c8c00000, 0x00000000eab00000)
  object space 143360K, 99% used [0x00000000c0000000,0x00000000c8bb4780,0x00000000c8c00000)
 Metaspace       used 60492K, committed 61824K, reserved 1114112K
  class space    used 5975K, committed 6592K, reserved 1048576K
}
Event: 43.481 GC heap after
{Heap after GC invocations=154 (full 3):
 PSYoungGen      total 3584K, used 512K [0x00000000eab00000, 0x00000000eb000000, 0x0000000100000000)
  eden space 3072K, 0% used [0x00000000eab00000,0x00000000eab00000,0x00000000eae00000)
  from space 512K, 100% used [0x00000000eae80000,0x00000000eaf00000,0x00000000eaf00000)
  to   space 1024K, 0% used [0x00000000eaf00000,0x00000000eaf00000,0x00000000eb000000)
 ParOldGen       total 143872K, used 143377K [0x00000000c0000000, 0x00000000c8c80000, 0x00000000eab00000)
  object space 143872K, 99% used [0x00000000c0000000,0x00000000c8c04780,0x00000000c8c80000)
 Metaspace       used 60492K, committed 61824K, reserved 1114112K
  class space    used 5975K, committed 6592K, reserved 1048576K
}
Event: 43.589 GC heap before
{Heap before GC invocations=155 (full 3):
 PSYoungGen      total 3584K, used 3583K [0x00000000eab00000, 0x00000000eb000000, 0x0000000100000000)
  eden space 3072K, 99% used [0x00000000eab00000,0x00000000eadfffe8,0x00000000eae00000)
  from space 512K, 100% used [0x00000000eae80000,0x00000000eaf00000,0x00000000eaf00000)
  to   space 1024K, 0% used [0x00000000eaf00000,0x00000000eaf00000,0x00000000eb000000)
 ParOldGen       total 143872K, used 143377K [0x00000000c0000000, 0x00000000c8c80000, 0x00000000eab00000)
  object space 143872K, 99% used [0x00000000c0000000,0x00000000c8c04780,0x00000000c8c80000)
 Metaspace       used 60504K, committed 61824K, reserved 1114112K
  class space    used 5977K, committed 6592K, reserved 1048576K
}
Event: 43.591 GC heap after
{Heap after GC invocations=155 (full 3):
 PSYoungGen      total 4096K, used 768K [0x00000000eab00000, 0x00000000eb000000, 0x0000000100000000)
  eden space 3072K, 0% used [0x00000000eab00000,0x00000000eab00000,0x00000000eae00000)
  from space 1024K, 75% used [0x00000000eaf00000,0x00000000eafc0000,0x00000000eb000000)
  to   space 1024K, 0% used [0x00000000eae00000,0x00000000eae00000,0x00000000eaf00000)
 ParOldGen       total 143872K, used 143766K [0x00000000c0000000, 0x00000000c8c80000, 0x00000000eab00000)
  object space 143872K, 99% used [0x00000000c0000000,0x00000000c8c65af0,0x00000000c8c80000)
 Metaspace       used 60504K, committed 61824K, reserved 1114112K
  class space    used 5977K, committed 6592K, reserved 1048576K
}
Event: 43.766 GC heap before
{Heap before GC invocations=156 (full 3):
 PSYoungGen      total 4096K, used 3840K [0x00000000eab00000, 0x00000000eb000000, 0x0000000100000000)
  eden space 3072K, 100% used [0x00000000eab00000,0x00000000eae00000,0x00000000eae00000)
  from space 1024K, 75% used [0x00000000eaf00000,0x00000000eafc0000,0x00000000eb000000)
  to   space 1024K, 0% used [0x00000000eae00000,0x00000000eae00000,0x00000000eaf00000)
 ParOldGen       total 143872K, used 143766K [0x00000000c0000000, 0x00000000c8c80000, 0x00000000eab00000)
  object space 143872K, 99% used [0x00000000c0000000,0x00000000c8c65af0,0x00000000c8c80000)
 Metaspace       used 60524K, committed 61824K, reserved 1114112K
  class space    used 5977K, committed 6592K, reserved 1048576K
}
Event: 43.770 GC heap after
{Heap after GC invocations=156 (full 3):
 PSYoungGen      total 4096K, used 688K [0x00000000eab00000, 0x00000000eb000000, 0x0000000100000000)
  eden space 3072K, 0% used [0x00000000eab00000,0x00000000eab00000,0x00000000eae00000)
  from space 1024K, 67% used [0x00000000eae00000,0x00000000eaeac030,0x00000000eaf00000)
  to   space 1024K, 0% used [0x00000000eaf00000,0x00000000eaf00000,0x00000000eb000000)
 ParOldGen       total 144896K, used 144446K [0x00000000c0000000, 0x00000000c8d80000, 0x00000000eab00000)
  object space 144896K, 99% used [0x00000000c0000000,0x00000000c8d0faf0,0x00000000c8d80000)
 Metaspace       used 60524K, committed 61824K, reserved 1114112K
  class space    used 5977K, committed 6592K, reserved 1048576K
}
Event: 43.794 GC heap before
{Heap before GC invocations=157 (full 3):
 PSYoungGen      total 4096K, used 3760K [0x00000000eab00000, 0x00000000eb000000, 0x0000000100000000)
  eden space 3072K, 100% used [0x00000000eab00000,0x00000000eae00000,0x00000000eae00000)
  from space 1024K, 67% used [0x00000000eae00000,0x00000000eaeac030,0x00000000eaf00000)
  to   space 1024K, 0% used [0x00000000eaf00000,0x00000000eaf00000,0x00000000eb000000)
 ParOldGen       total 144896K, used 144446K [0x00000000c0000000, 0x00000000c8d80000, 0x00000000eab00000)
  object space 144896K, 99% used [0x00000000c0000000,0x00000000c8d0faf0,0x00000000c8d80000)
 Metaspace       used 60535K, committed 61824K, reserved 1114112K
  class space    used 5977K, committed 6592K, reserved 1048576K
}
Event: 43.796 GC heap after
{Heap after GC invocations=157 (full 3):
 PSYoungGen      total 4096K, used 608K [0x00000000eab00000, 0x00000000eb000000, 0x0000000100000000)
  eden space 3072K, 0% used [0x00000000eab00000,0x00000000eab00000,0x00000000eae00000)
  from space 1024K, 59% used [0x00000000eaf00000,0x00000000eaf98000,0x00000000eb000000)
  to   space 1024K, 0% used [0x00000000eae00000,0x00000000eae00000,0x00000000eaf00000)
 ParOldGen       total 144896K, used 144842K [0x00000000c0000000, 0x00000000c8d80000, 0x00000000eab00000)
  object space 144896K, 99% used [0x00000000c0000000,0x00000000c8d72b00,0x00000000c8d80000)
 Metaspace       used 60535K, committed 61824K, reserved 1114112K
  class space    used 5977K, committed 6592K, reserved 1048576K
}
Event: 43.830 GC heap before
{Heap before GC invocations=158 (full 3):
 PSYoungGen      total 4096K, used 3680K [0x00000000eab00000, 0x00000000eb000000, 0x0000000100000000)
  eden space 3072K, 100% used [0x00000000eab00000,0x00000000eae00000,0x00000000eae00000)
  from space 1024K, 59% used [0x00000000eaf00000,0x00000000eaf98000,0x00000000eb000000)
  to   space 1024K, 0% used [0x00000000eae00000,0x00000000eae00000,0x00000000eaf00000)
 ParOldGen       total 144896K, used 144842K [0x00000000c0000000, 0x00000000c8d80000, 0x00000000eab00000)
  object space 144896K, 99% used [0x00000000c0000000,0x00000000c8d72b00,0x00000000c8d80000)
 Metaspace       used 60541K, committed 61824K, reserved 1114112K
  class space    used 5977K, committed 6592K, reserved 1048576K
}
Event: 43.833 GC heap after
{Heap after GC invocations=158 (full 3):
 PSYoungGen      total 4096K, used 512K [0x00000000eab00000, 0x00000000eb000000, 0x0000000100000000)
  eden space 3072K, 0% used [0x00000000eab00000,0x00000000eab00000,0x00000000eae00000)
  from space 1024K, 50% used [0x00000000eae00000,0x00000000eae80000,0x00000000eaf00000)
  to   space 1024K, 0% used [0x00000000eaf00000,0x00000000eaf00000,0x00000000eb000000)
 ParOldGen       total 145408K, used 145274K [0x00000000c0000000, 0x00000000c8e00000, 0x00000000eab00000)
  object space 145408K, 99% used [0x00000000c0000000,0x00000000c8ddeb00,0x00000000c8e00000)
 Metaspace       used 60541K, committed 61824K, reserved 1114112K
  class space    used 5977K, committed 6592K, reserved 1048576K
}
Event: 43.866 GC heap before
{Heap before GC invocations=159 (full 3):
 PSYoungGen      total 4096K, used 3584K [0x00000000eab00000, 0x00000000eb000000, 0x0000000100000000)
  eden space 3072K, 100% used [0x00000000eab00000,0x00000000eae00000,0x00000000eae00000)
  from space 1024K, 50% used [0x00000000eae00000,0x00000000eae80000,0x00000000eaf00000)
  to   space 1024K, 0% used [0x00000000eaf00000,0x00000000eaf00000,0x00000000eb000000)
 ParOldGen       total 145408K, used 145274K [0x00000000c0000000, 0x00000000c8e00000, 0x00000000eab00000)
  object space 145408K, 99% used [0x00000000c0000000,0x00000000c8ddeb00,0x00000000c8e00000)
 Metaspace       used 60548K, committed 61824K, reserved 1114112K
  class space    used 5977K, committed 6592K, reserved 1048576K
}
Event: 43.868 GC heap after
{Heap after GC invocations=159 (full 3):
 PSYoungGen      total 3584K, used 480K [0x00000000eab00000, 0x00000000eaf80000, 0x0000000100000000)
  eden space 3072K, 0% used [0x00000000eab00000,0x00000000eab00000,0x00000000eae00000)
  from space 512K, 93% used [0x00000000eaf00000,0x00000000eaf78020,0x00000000eaf80000)
  to   space 512K, 0% used [0x00000000eae80000,0x00000000eae80000,0x00000000eaf00000)
 ParOldGen       total 145920K, used 145622K [0x00000000c0000000, 0x00000000c8e80000, 0x00000000eab00000)
  object space 145920K, 99% used [0x00000000c0000000,0x00000000c8e35b10,0x00000000c8e80000)
 Metaspace       used 60548K, committed 61824K, reserved 1114112K
  class space    used 5977K, committed 6592K, reserved 1048576K
}
Event: 43.986 GC heap before
{Heap before GC invocations=160 (full 3):
 PSYoungGen      total 3584K, used 3552K [0x00000000eab00000, 0x00000000eaf80000, 0x0000000100000000)
  eden space 3072K, 100% used [0x00000000eab00000,0x00000000eae00000,0x00000000eae00000)
  from space 512K, 93% used [0x00000000eaf00000,0x00000000eaf78020,0x00000000eaf80000)
  to   space 512K, 0% used [0x00000000eae80000,0x00000000eae80000,0x00000000eaf00000)
 ParOldGen       total 145920K, used 145622K [0x00000000c0000000, 0x00000000c8e80000, 0x00000000eab00000)
  object space 145920K, 99% used [0x00000000c0000000,0x00000000c8e35b10,0x00000000c8e80000)
 Metaspace       used 60600K, committed 61888K, reserved 1114112K
  class space    used 5982K, committed 6592K, reserved 1048576K
}
Event: 43.988 GC heap after
{Heap after GC invocations=160 (full 3):
 PSYoungGen      total 3584K, used 496K [0x00000000eab00000, 0x00000000eb000000, 0x0000000100000000)
  eden space 3072K, 0% used [0x00000000eab00000,0x00000000eab00000,0x00000000eae00000)
  from space 512K, 96% used [0x00000000eae80000,0x00000000eaefc010,0x00000000eaf00000)
  to   space 1024K, 0% used [0x00000000eaf00000,0x00000000eaf00000,0x00000000eb000000)
 ParOldGen       total 145920K, used 145862K [0x00000000c0000000, 0x00000000c8e80000, 0x00000000eab00000)
  object space 145920K, 99% used [0x00000000c0000000,0x00000000c8e71b10,0x00000000c8e80000)
 Metaspace       used 60600K, committed 61888K, reserved 1114112K
  class space    used 5982K, committed 6592K, reserved 1048576K
}
Event: 44.085 GC heap before
{Heap before GC invocations=161 (full 3):
 PSYoungGen      total 3584K, used 3567K [0x00000000eab00000, 0x00000000eb000000, 0x0000000100000000)
  eden space 3072K, 99% used [0x00000000eab00000,0x00000000eadfffe8,0x00000000eae00000)
  from space 512K, 96% used [0x00000000eae80000,0x00000000eaefc010,0x00000000eaf00000)
  to   space 1024K, 0% used [0x00000000eaf00000,0x00000000eaf00000,0x00000000eb000000)
 ParOldGen       total 145920K, used 145862K [0x00000000c0000000, 0x00000000c8e80000, 0x00000000eab00000)
  object space 145920K, 99% used [0x00000000c0000000,0x00000000c8e71b10,0x00000000c8e80000)
 Metaspace       used 60620K, committed 61952K, reserved 1114112K
  class space    used 5984K, committed 6592K, reserved 1048576K
}
Event: 44.089 GC heap after
{Heap after GC invocations=161 (full 3):
 PSYoungGen      total 3584K, used 992K [0x00000000eab00000, 0x00000000eb100000, 0x0000000100000000)
  eden space 2560K, 0% used [0x00000000eab00000,0x00000000eab00000,0x00000000ead80000)
  from space 1024K, 96% used [0x00000000eaf00000,0x00000000eaff8000,0x00000000eb000000)
  to   space 1536K, 0% used [0x00000000ead80000,0x00000000ead80000,0x00000000eaf00000)
 ParOldGen       total 146432K, used 146247K [0x00000000c0000000, 0x00000000c8f00000, 0x00000000eab00000)
  object space 146432K, 99% used [0x00000000c0000000,0x00000000c8ed1e88,0x00000000c8f00000)
 Metaspace       used 60620K, committed 61952K, reserved 1114112K
  class space    used 5984K, committed 6592K, reserved 1048576K
}

Dll operation events (10 events):
Event: 0.031 Loaded shared library c:\Users\lenovo\.vscode\extensions\redhat.java-1.42.0-win32-x64\jre\21.0.7-win32-x86_64\bin\java.dll
Event: 0.174 Loaded shared library c:\Users\lenovo\.vscode\extensions\redhat.java-1.42.0-win32-x64\jre\21.0.7-win32-x86_64\bin\zip.dll
Event: 0.441 Loaded shared library C:\Users\lenovo\.vscode\extensions\redhat.java-1.42.0-win32-x64\jre\21.0.7-win32-x86_64\bin\instrument.dll
Event: 0.472 Loaded shared library C:\Users\lenovo\.vscode\extensions\redhat.java-1.42.0-win32-x64\jre\21.0.7-win32-x86_64\bin\net.dll
Event: 0.485 Loaded shared library C:\Users\lenovo\.vscode\extensions\redhat.java-1.42.0-win32-x64\jre\21.0.7-win32-x86_64\bin\nio.dll
Event: 0.496 Loaded shared library C:\Users\lenovo\.vscode\extensions\redhat.java-1.42.0-win32-x64\jre\21.0.7-win32-x86_64\bin\zip.dll
Event: 0.569 Loaded shared library C:\Users\lenovo\.vscode\extensions\redhat.java-1.42.0-win32-x64\jre\21.0.7-win32-x86_64\bin\jimage.dll
Event: 0.821 Loaded shared library c:\Users\lenovo\.vscode\extensions\redhat.java-1.42.0-win32-x64\jre\21.0.7-win32-x86_64\bin\verify.dll
Event: 6.365 Loaded shared library C:\Users\lenovo\AppData\Roaming\Code\User\globalStorage\redhat.java\1.42.0\config_win\org.eclipse.equinox.launcher\org.eclipse.equinox.launcher.win32.win32.x86_64_1.2.1300.v20250331-1702\eclipse_11911.dll
Event: 10.875 Loaded shared library C:\Users\lenovo\AppData\Local\Temp\jna--1813135212\jna9462742728930195446.dll

Deoptimization events (20 events):
Event: 44.045 Thread 0x0000021cd97dc750 DEOPT PACKING pc=0x0000021c81bf67cd sp=0x00000026a56fe2b0
Event: 44.045 Thread 0x0000021cd97dc750 DEOPT UNPACKING pc=0x0000021c87584242 sp=0x00000026a56fd7e8 mode 0
Event: 44.054 Thread 0x0000021cd97dc750 DEOPT PACKING pc=0x0000021c81bf67cd sp=0x00000026a56fe540
Event: 44.054 Thread 0x0000021cd97dc750 DEOPT UNPACKING pc=0x0000021c87584242 sp=0x00000026a56fda78 mode 0
Event: 44.107 Thread 0x0000021cd78a9a90 Uncommon trap: trap_request=0xffffffde fr.pc=0x0000021c87b82a00 relative=0x00000000000006c0
Event: 44.107 Thread 0x0000021cd78a9a90 Uncommon trap: reason=class_check action=maybe_recompile pc=0x0000021c87b82a00 method=java.util.HashMap.computeIfAbsent(Ljava/lang/Object;Ljava/util/function/Function;)Ljava/lang/Object; @ 188 c2
Event: 44.107 Thread 0x0000021cd78a9a90 DEOPT PACKING pc=0x0000021c87b82a00 sp=0x00000026a5cfd0c0
Event: 44.107 Thread 0x0000021cd78a9a90 DEOPT UNPACKING pc=0x0000021c87583aa2 sp=0x00000026a5cfd068 mode 2
Event: 44.108 Thread 0x0000021cd78a9a90 Uncommon trap: trap_request=0xffffffde fr.pc=0x0000021c87b82a00 relative=0x00000000000006c0
Event: 44.108 Thread 0x0000021cd78a9a90 Uncommon trap: reason=class_check action=maybe_recompile pc=0x0000021c87b82a00 method=java.util.HashMap.computeIfAbsent(Ljava/lang/Object;Ljava/util/function/Function;)Ljava/lang/Object; @ 188 c2
Event: 44.108 Thread 0x0000021cd78a9a90 DEOPT PACKING pc=0x0000021c87b82a00 sp=0x00000026a5cfd0c0
Event: 44.108 Thread 0x0000021cd78a9a90 DEOPT UNPACKING pc=0x0000021c87583aa2 sp=0x00000026a5cfd068 mode 2
Event: 44.108 Thread 0x0000021cd78a9a90 Uncommon trap: trap_request=0xffffffde fr.pc=0x0000021c87b82a00 relative=0x00000000000006c0
Event: 44.108 Thread 0x0000021cd78a9a90 Uncommon trap: reason=class_check action=maybe_recompile pc=0x0000021c87b82a00 method=java.util.HashMap.computeIfAbsent(Ljava/lang/Object;Ljava/util/function/Function;)Ljava/lang/Object; @ 188 c2
Event: 44.108 Thread 0x0000021cd78a9a90 DEOPT PACKING pc=0x0000021c87b82a00 sp=0x00000026a5cfd0c0
Event: 44.108 Thread 0x0000021cd78a9a90 DEOPT UNPACKING pc=0x0000021c87583aa2 sp=0x00000026a5cfd068 mode 2
Event: 44.109 Thread 0x0000021cd78a9a90 Uncommon trap: trap_request=0xffffffde fr.pc=0x0000021c87b82a00 relative=0x00000000000006c0
Event: 44.109 Thread 0x0000021cd78a9a90 Uncommon trap: reason=class_check action=maybe_recompile pc=0x0000021c87b82a00 method=java.util.HashMap.computeIfAbsent(Ljava/lang/Object;Ljava/util/function/Function;)Ljava/lang/Object; @ 188 c2
Event: 44.109 Thread 0x0000021cd78a9a90 DEOPT PACKING pc=0x0000021c87b82a00 sp=0x00000026a5cfd0c0
Event: 44.109 Thread 0x0000021cd78a9a90 DEOPT UNPACKING pc=0x0000021c87583aa2 sp=0x00000026a5cfd068 mode 2

Classes loaded (20 events):
Event: 35.876 Loading class sun/util/locale/provider/BaseLocaleDataMetaInfo
Event: 35.876 Loading class sun/util/locale/provider/BaseLocaleDataMetaInfo done
Event: 35.879 Loading class sun/util/resources/cldr/TimeZoneNames
Event: 35.879 Loading class sun/util/resources/TimeZoneNamesBundle
Event: 35.879 Loading class sun/util/resources/OpenListResourceBundle
Event: 35.880 Loading class sun/util/resources/OpenListResourceBundle done
Event: 35.880 Loading class sun/util/resources/TimeZoneNamesBundle done
Event: 35.880 Loading class sun/util/resources/cldr/TimeZoneNames done
Event: 35.880 Loading class sun/util/resources/cldr/TimeZoneNames_en
Event: 35.898 Loading class sun/util/resources/cldr/TimeZoneNames_en done
Event: 35.899 Loading class sun/util/resources/cldr/TimeZoneNames_en_US
Event: 35.899 Loading class sun/util/resources/cldr/TimeZoneNames_en_US done
Event: 36.020 Loading class sun/util/cldr/CLDRBaseLocaleDataMetaInfo$TZCanonicalIDMapHolder
Event: 36.023 Loading class sun/util/cldr/CLDRBaseLocaleDataMetaInfo$TZCanonicalIDMapHolder done
Event: 36.028 Loading class sun/util/resources/TimeZoneNames
Event: 36.031 Loading class sun/util/resources/TimeZoneNames done
Event: 36.032 Loading class sun/util/resources/TimeZoneNames_en
Event: 36.032 Loading class sun/util/resources/TimeZoneNames_en done
Event: 44.030 Loading class sun/nio/cs/ISO_8859_1$Decoder
Event: 44.031 Loading class sun/nio/cs/ISO_8859_1$Decoder done

Classes unloaded (7 events):
Event: 11.602 Thread 0x0000021cfece3670 Unloading class 0x0000021c921a5000 'java/lang/invoke/LambdaForm$MH+0x0000021c921a5000'
Event: 11.602 Thread 0x0000021cfece3670 Unloading class 0x0000021c921a4c00 'java/lang/invoke/LambdaForm$MH+0x0000021c921a4c00'
Event: 11.602 Thread 0x0000021cfece3670 Unloading class 0x0000021c921a4800 'java/lang/invoke/LambdaForm$MH+0x0000021c921a4800'
Event: 11.602 Thread 0x0000021cfece3670 Unloading class 0x0000021c921a4400 'java/lang/invoke/LambdaForm$MH+0x0000021c921a4400'
Event: 11.602 Thread 0x0000021cfece3670 Unloading class 0x0000021c921a4000 'java/lang/invoke/LambdaForm$BMH+0x0000021c921a4000'
Event: 11.602 Thread 0x0000021cfece3670 Unloading class 0x0000021c921a3c00 'java/lang/invoke/LambdaForm$DMH+0x0000021c921a3c00'
Event: 11.602 Thread 0x0000021cfece3670 Unloading class 0x0000021c921a2c00 'java/lang/invoke/LambdaForm$DMH+0x0000021c921a2c00'

Classes redefined (0 events):
No events

Internal exceptions (20 events):
Event: 33.838 Thread 0x0000021cdc652520 Exception <a 'java/lang/NullPointerException'{0x00000000eb0e1678}> (0x00000000eb0e1678) 
thrown [s\src\hotspot\share\runtime\sharedRuntime.cpp, line 625]
Event: 33.838 Thread 0x0000021cdc652520 Implicit null exception at 0x0000021c8145ff1b to 0x0000021c814637a3
Event: 33.838 Thread 0x0000021cdc652520 Exception <a 'java/lang/NullPointerException'{0x00000000eb0e2108}> (0x00000000eb0e2108) 
thrown [s\src\hotspot\share\runtime\sharedRuntime.cpp, line 625]
Event: 33.838 Thread 0x0000021cdc652520 Implicit null exception at 0x0000021c8145ff1b to 0x0000021c814637a3
Event: 33.838 Thread 0x0000021cdc652520 Exception <a 'java/lang/NullPointerException'{0x00000000eb0e31e0}> (0x00000000eb0e31e0) 
thrown [s\src\hotspot\share\runtime\sharedRuntime.cpp, line 625]
Event: 33.838 Thread 0x0000021cdc652520 Implicit null exception at 0x0000021c8145ff1b to 0x0000021c814637a3
Event: 33.838 Thread 0x0000021cdc652520 Exception <a 'java/lang/NullPointerException'{0x00000000eb0e3fb0}> (0x00000000eb0e3fb0) 
thrown [s\src\hotspot\share\runtime\sharedRuntime.cpp, line 625]
Event: 33.839 Thread 0x0000021cdc652520 Implicit null exception at 0x0000021c8145ff1b to 0x0000021c814637a3
Event: 33.839 Thread 0x0000021cdc652520 Exception <a 'java/lang/NullPointerException'{0x00000000eb0eba70}> (0x00000000eb0eba70) 
thrown [s\src\hotspot\share\runtime\sharedRuntime.cpp, line 625]
Event: 36.722 Thread 0x0000021cdc652520 Implicit null exception at 0x0000021c8145ff1b to 0x0000021c814637a3
Event: 36.723 Thread 0x0000021cdc652520 Exception <a 'java/lang/NullPointerException'{0x00000000eae1c630}> (0x00000000eae1c630) 
thrown [s\src\hotspot\share\runtime\sharedRuntime.cpp, line 625]
Event: 36.748 Thread 0x0000021cdc652520 Implicit null exception at 0x0000021c8145ff1b to 0x0000021c814637a3
Event: 36.748 Thread 0x0000021cdc652520 Exception <a 'java/lang/NullPointerException'{0x00000000eae5f4f0}> (0x00000000eae5f4f0) 
thrown [s\src\hotspot\share\runtime\sharedRuntime.cpp, line 625]
Event: 37.882 Thread 0x0000021cdc652520 Implicit null exception at 0x0000021c880b7380 to 0x0000021c880b7e30
Event: 39.799 Thread 0x0000021cd78a9a90 Exception <a 'sun/nio/fs/WindowsException'{0x00000000eafabdb0}> (0x00000000eafabdb0) 
thrown [s\src\hotspot\share\prims\jni.cpp, line 520]
Event: 39.799 Thread 0x0000021cd78a9a90 Exception <a 'sun/nio/fs/WindowsException'{0x00000000eafd2e58}> (0x00000000eafd2e58) 
thrown [s\src\hotspot\share\prims\jni.cpp, line 520]
Event: 40.299 Thread 0x0000021cd78a9a90 Exception <a 'java/lang/NoSuchMethodError'{0x00000000eab6d800}: 'void java.lang.invoke.DirectMethodHandle$Holder.invokeStatic(java.lang.Object, java.lang.Object, java.lang.Object, int)'> (0x00000000eab6d800) 
thrown [s\src\hotspot\share\interpreter\linkResolver.cpp, line 773]
Event: 40.326 Thread 0x0000021cd78a9a90 Exception <a 'java/lang/NoSuchMethodError'{0x00000000ead65c40}: 'void java.lang.invoke.DirectMethodHandle$Holder.invokeVirtual(java.lang.Object, java.lang.Object, int)'> (0x00000000ead65c40) 
thrown [s\src\hotspot\share\interpreter\linkResolver.cpp, line 773]
Event: 40.327 Thread 0x0000021cd78a9a90 Implicit null exception at 0x0000021c87f6e524 to 0x0000021c87f6e7c8
Event: 42.770 Thread 0x0000021cd78a9a90 Exception <a 'java/lang/NoSuchMethodError'{0x00000000eabeb4e8}: 'void java.lang.invoke.DirectMethodHandle$Holder.invokeInterface(java.lang.Object, java.lang.Object)'> (0x00000000eabeb4e8) 
thrown [s\src\hotspot\share\interpreter\linkResolver.cpp, line 773]

ZGC Phase Switch (0 events):
No events

VM Operations (20 events):
Event: 43.382 Executing VM operation: ParallelGCFailedAllocation (Allocation Failure)
Event: 43.394 Executing VM operation: ParallelGCFailedAllocation (Allocation Failure) done
Event: 43.420 Executing VM operation: ParallelGCFailedAllocation (Allocation Failure)
Event: 43.436 Executing VM operation: ParallelGCFailedAllocation (Allocation Failure) done
Event: 43.478 Executing VM operation: ParallelGCFailedAllocation (Allocation Failure)
Event: 43.481 Executing VM operation: ParallelGCFailedAllocation (Allocation Failure) done
Event: 43.574 Executing VM operation: ParallelGCFailedAllocation (Allocation Failure)
Event: 43.591 Executing VM operation: ParallelGCFailedAllocation (Allocation Failure) done
Event: 43.707 Executing VM operation: ParallelGCFailedAllocation (Allocation Failure)
Event: 43.770 Executing VM operation: ParallelGCFailedAllocation (Allocation Failure) done
Event: 43.794 Executing VM operation: ParallelGCFailedAllocation (Allocation Failure)
Event: 43.796 Executing VM operation: ParallelGCFailedAllocation (Allocation Failure) done
Event: 43.830 Executing VM operation: ParallelGCFailedAllocation (Allocation Failure)
Event: 43.833 Executing VM operation: ParallelGCFailedAllocation (Allocation Failure) done
Event: 43.866 Executing VM operation: ParallelGCFailedAllocation (Allocation Failure)
Event: 43.869 Executing VM operation: ParallelGCFailedAllocation (Allocation Failure) done
Event: 43.985 Executing VM operation: ParallelGCFailedAllocation (Allocation Failure)
Event: 43.988 Executing VM operation: ParallelGCFailedAllocation (Allocation Failure) done
Event: 44.085 Executing VM operation: ParallelGCFailedAllocation (Allocation Failure)
Event: 44.089 Executing VM operation: ParallelGCFailedAllocation (Allocation Failure) done

Memory protections (0 events):
No events

Nmethod flushes (20 events):
Event: 35.180 Thread 0x0000021cfece3670 flushing  nmethod 0x0000021c8097ba90
Event: 35.180 Thread 0x0000021cfece3670 flushing  nmethod 0x0000021c8097be90
Event: 35.180 Thread 0x0000021cfece3670 flushing  nmethod 0x0000021c8097c210
Event: 35.180 Thread 0x0000021cfece3670 flushing  nmethod 0x0000021c8097c790
Event: 35.180 Thread 0x0000021cfece3670 flushing  nmethod 0x0000021c8097cb90
Event: 35.180 Thread 0x0000021cfece3670 flushing  nmethod 0x0000021c80982810
Event: 35.180 Thread 0x0000021cfece3670 flushing  nmethod 0x0000021c80982b90
Event: 35.180 Thread 0x0000021cfece3670 flushing  nmethod 0x0000021c80986310
Event: 35.180 Thread 0x0000021cfece3670 flushing  nmethod 0x0000021c8098c490
Event: 35.180 Thread 0x0000021cfece3670 flushing  nmethod 0x0000021c8098ca90
Event: 35.180 Thread 0x0000021cfece3670 flushing  nmethod 0x0000021c8098ce90
Event: 35.180 Thread 0x0000021cfece3670 flushing  nmethod 0x0000021c8098d310
Event: 35.180 Thread 0x0000021cfece3670 flushing  nmethod 0x0000021c8098d710
Event: 35.180 Thread 0x0000021cfece3670 flushing  nmethod 0x0000021c8098dd10
Event: 35.180 Thread 0x0000021cfece3670 flushing  nmethod 0x0000021c809b5190
Event: 35.180 Thread 0x0000021cfece3670 flushing  nmethod 0x0000021c809b6d10
Event: 35.180 Thread 0x0000021cfece3670 flushing  nmethod 0x0000021c809b8c90
Event: 35.180 Thread 0x0000021cfece3670 flushing  nmethod 0x0000021c809b9290
Event: 35.180 Thread 0x0000021cfece3670 flushing  nmethod 0x0000021c809b9b10
Event: 35.180 Thread 0x0000021cfece3670 flushing  nmethod 0x0000021c809be310

Events (20 events):
Event: 30.766 Thread 0x0000021cd78a9a90 Thread added: 0x0000021cdc652bb0
Event: 30.781 Thread 0x0000021cd78a9a90 Thread added: 0x0000021cdc6545f0
Event: 30.912 Thread 0x0000021cd78a9a90 Thread added: 0x0000021cdc6594b0
Event: 30.914 Thread 0x0000021cd78a9a90 Thread added: 0x0000021cdc655310
Event: 31.082 Thread 0x0000021cd78a9a90 Thread added: 0x0000021cdc6559a0
Event: 31.470 Thread 0x0000021cd78a9a90 Thread added: 0x0000021cdc656030
Event: 39.782 Thread 0x0000021cd8fd45f0 Thread exited: 0x0000021cd8fd45f0
Event: 39.782 Thread 0x0000021cd8fd6ed0 Thread exited: 0x0000021cd8fd6ed0
Event: 40.230 Thread 0x0000021cd27e4580 Thread added: 0x0000021cd8fd45f0
Event: 40.692 Thread 0x0000021cd8fd45f0 Thread exited: 0x0000021cd8fd45f0
Event: 42.849 Thread 0x0000021cd78a9a90 Thread added: 0x0000021cd97dad10
Event: 42.849 Thread 0x0000021cd78a9a90 Thread added: 0x0000021cd97dc750
Event: 42.849 Thread 0x0000021cd78a9a90 Thread added: 0x0000021cd97dba30
Event: 42.849 Thread 0x0000021cd78a9a90 Thread added: 0x0000021cd97e08f0
Event: 42.849 Thread 0x0000021cd78a9a90 Thread added: 0x0000021cd97de190
Event: 43.100 Thread 0x0000021cd27e4580 Thread added: 0x0000021cd8614610
Event: 43.279 Thread 0x0000021cd8614610 Thread exited: 0x0000021cd8614610
Event: 43.311 Thread 0x0000021cd27e4580 Thread added: 0x0000021cd8616150
Event: 43.547 Thread 0x0000021cd8616150 Thread exited: 0x0000021cd8616150
Event: 43.564 Thread 0x0000021cd27e4580 Thread added: 0x0000021cd8612ad0


Dynamic libraries:
0x00007ff6919c0000 - 0x00007ff6919ce000 	c:\Users\lenovo\.vscode\extensions\redhat.java-1.42.0-win32-x64\jre\21.0.7-win32-x86_64\bin\java.exe
0x00007ff8b93d0000 - 0x00007ff8b95e7000 	C:\WINDOWS\SYSTEM32\ntdll.dll
0x00007ff8b8e90000 - 0x00007ff8b8f54000 	C:\WINDOWS\System32\KERNEL32.DLL
0x00007ff8b6710000 - 0x00007ff8b6ae2000 	C:\WINDOWS\System32\KERNELBASE.dll
0x00007ff8b6570000 - 0x00007ff8b6681000 	C:\WINDOWS\System32\ucrtbase.dll
0x00007ff85ddb0000 - 0x00007ff85ddce000 	c:\Users\lenovo\.vscode\extensions\redhat.java-1.42.0-win32-x64\jre\21.0.7-win32-x86_64\bin\VCRUNTIME140.dll
0x00007ff862910000 - 0x00007ff862928000 	c:\Users\lenovo\.vscode\extensions\redhat.java-1.42.0-win32-x64\jre\21.0.7-win32-x86_64\bin\jli.dll
0x00007ff8b77e0000 - 0x00007ff8b7991000 	C:\WINDOWS\System32\USER32.dll
0x00007ff8b6540000 - 0x00007ff8b6566000 	C:\WINDOWS\System32\win32u.dll
0x00007ff8b7ad0000 - 0x00007ff8b7af9000 	C:\WINDOWS\System32\GDI32.dll
0x00007ff8b6f30000 - 0x00007ff8b7053000 	C:\WINDOWS\System32\gdi32full.dll
0x00007ff8b6af0000 - 0x00007ff8b6b8a000 	C:\WINDOWS\System32\msvcp_win.dll
0x00007ff89e260000 - 0x00007ff89e4fb000 	C:\WINDOWS\WinSxS\amd64_microsoft.windows.common-controls_6595b64144ccf1df_6.0.22621.5413_none_270da5617387a498\COMCTL32.dll
0x00007ff8b9280000 - 0x00007ff8b9327000 	C:\WINDOWS\System32\msvcrt.dll
0x00007ff8b9220000 - 0x00007ff8b9251000 	C:\WINDOWS\System32\IMM32.DLL
0x00007ff86dfd0000 - 0x00007ff86dfdc000 	c:\Users\lenovo\.vscode\extensions\redhat.java-1.42.0-win32-x64\jre\21.0.7-win32-x86_64\bin\vcruntime140_1.dll
0x00007ff83fff0000 - 0x00007ff84007d000 	c:\Users\lenovo\.vscode\extensions\redhat.java-1.42.0-win32-x64\jre\21.0.7-win32-x86_64\bin\msvcp140.dll
0x00007ff8298d0000 - 0x00007ff82a660000 	c:\Users\lenovo\.vscode\extensions\redhat.java-1.42.0-win32-x64\jre\21.0.7-win32-x86_64\bin\server\jvm.dll
0x00007ff8b8dd0000 - 0x00007ff8b8e81000 	C:\WINDOWS\System32\ADVAPI32.dll
0x00007ff8b9170000 - 0x00007ff8b9218000 	C:\WINDOWS\System32\sechost.dll
0x00007ff8b6f00000 - 0x00007ff8b6f28000 	C:\WINDOWS\System32\bcrypt.dll
0x00007ff8b79a0000 - 0x00007ff8b7ab4000 	C:\WINDOWS\System32\RPCRT4.dll
0x00007ff8b8830000 - 0x00007ff8b88a1000 	C:\WINDOWS\System32\WS2_32.dll
0x00007ff8b56a0000 - 0x00007ff8b56ed000 	C:\WINDOWS\SYSTEM32\POWRPROF.dll
0x00007ff8b1780000 - 0x00007ff8b17b4000 	C:\WINDOWS\SYSTEM32\WINMM.dll
0x00007ff8b1710000 - 0x00007ff8b171a000 	C:\WINDOWS\SYSTEM32\VERSION.dll
0x00007ff8b5590000 - 0x00007ff8b55a3000 	C:\WINDOWS\SYSTEM32\UMPDC.dll
0x00007ff8b5570000 - 0x00007ff8b5588000 	C:\WINDOWS\SYSTEM32\kernel.appcore.dll
0x00007ff86dbc0000 - 0x00007ff86dbca000 	c:\Users\lenovo\.vscode\extensions\redhat.java-1.42.0-win32-x64\jre\21.0.7-win32-x86_64\bin\jimage.dll
0x00007ff8ae2b0000 - 0x00007ff8ae4e2000 	C:\WINDOWS\SYSTEM32\DBGHELP.DLL
0x00007ff8b8a20000 - 0x00007ff8b8db3000 	C:\WINDOWS\System32\combase.dll
0x00007ff8b7ce0000 - 0x00007ff8b7db7000 	C:\WINDOWS\System32\OLEAUT32.dll
0x00007ff8ae270000 - 0x00007ff8ae2a2000 	C:\WINDOWS\SYSTEM32\dbgcore.DLL
0x00007ff8b64c0000 - 0x00007ff8b653b000 	C:\WINDOWS\System32\bcryptPrimitives.dll
0x00007ff868830000 - 0x00007ff86883f000 	c:\Users\lenovo\.vscode\extensions\redhat.java-1.42.0-win32-x64\jre\21.0.7-win32-x86_64\bin\instrument.dll
0x00007ff844f20000 - 0x00007ff844f3f000 	c:\Users\lenovo\.vscode\extensions\redhat.java-1.42.0-win32-x64\jre\21.0.7-win32-x86_64\bin\java.dll
0x00007ff8b7ef0000 - 0x00007ff8b8792000 	C:\WINDOWS\System32\SHELL32.dll
0x00007ff8b6d00000 - 0x00007ff8b6e3f000 	C:\WINDOWS\System32\wintypes.dll
0x00007ff8b43f0000 - 0x00007ff8b4d0d000 	C:\WINDOWS\SYSTEM32\windows.storage.dll
0x00007ff8b8900000 - 0x00007ff8b8a0b000 	C:\WINDOWS\System32\SHCORE.dll
0x00007ff8b7c60000 - 0x00007ff8b7cc9000 	C:\WINDOWS\System32\shlwapi.dll
0x00007ff8b63f0000 - 0x00007ff8b641b000 	C:\WINDOWS\SYSTEM32\profapi.dll
0x00007ff8448c0000 - 0x00007ff8448d8000 	c:\Users\lenovo\.vscode\extensions\redhat.java-1.42.0-win32-x64\jre\21.0.7-win32-x86_64\bin\zip.dll
0x00007ff868690000 - 0x00007ff8686a0000 	C:\Users\lenovo\.vscode\extensions\redhat.java-1.42.0-win32-x64\jre\21.0.7-win32-x86_64\bin\net.dll
0x00007ff8b07e0000 - 0x00007ff8b090c000 	C:\WINDOWS\SYSTEM32\WINHTTP.dll
0x00007ff8b5a60000 - 0x00007ff8b5ac9000 	C:\WINDOWS\system32\mswsock.dll
0x00007ff844300000 - 0x00007ff844316000 	C:\Users\lenovo\.vscode\extensions\redhat.java-1.42.0-win32-x64\jre\21.0.7-win32-x86_64\bin\nio.dll
0x00007ff8628e0000 - 0x00007ff8628f0000 	c:\Users\lenovo\.vscode\extensions\redhat.java-1.42.0-win32-x64\jre\21.0.7-win32-x86_64\bin\verify.dll
0x00007ff843be0000 - 0x00007ff843c25000 	C:\Users\lenovo\AppData\Roaming\Code\User\globalStorage\redhat.java\1.42.0\config_win\org.eclipse.equinox.launcher\org.eclipse.equinox.launcher.win32.win32.x86_64_1.2.1300.v20250331-1702\eclipse_11911.dll
0x00007ff8b8fd0000 - 0x00007ff8b9170000 	C:\WINDOWS\System32\ole32.dll
0x00007ff8b5cc0000 - 0x00007ff8b5cdb000 	C:\WINDOWS\SYSTEM32\CRYPTSP.dll
0x00007ff8b54d0000 - 0x00007ff8b5507000 	C:\WINDOWS\system32\rsaenh.dll
0x00007ff8b5b50000 - 0x00007ff8b5b78000 	C:\WINDOWS\SYSTEM32\USERENV.dll
0x00007ff8b5cb0000 - 0x00007ff8b5cbc000 	C:\WINDOWS\SYSTEM32\CRYPTBASE.dll
0x00007ff8b4fb0000 - 0x00007ff8b4fdd000 	C:\WINDOWS\SYSTEM32\IPHLPAPI.DLL
0x00007ff8b7cd0000 - 0x00007ff8b7cd9000 	C:\WINDOWS\System32\NSI.dll
0x00007ff838c50000 - 0x00007ff838c99000 	C:\Users\lenovo\AppData\Local\Temp\jna--1813135212\jna9462742728930195446.dll
0x00007ff8b7ac0000 - 0x00007ff8b7ac8000 	C:\WINDOWS\System32\PSAPI.DLL
0x00007ff8b1050000 - 0x00007ff8b1069000 	C:\WINDOWS\SYSTEM32\dhcpcsvc6.DLL
0x00007ff8b0eb0000 - 0x00007ff8b0ecf000 	C:\WINDOWS\SYSTEM32\dhcpcsvc.DLL

dbghelp: loaded successfully - version: 4.0.5 - missing functions: none
symbol engine: initialized successfully - sym options: 0x614 - pdb path: .;c:\Users\lenovo\.vscode\extensions\redhat.java-1.42.0-win32-x64\jre\21.0.7-win32-x86_64\bin;C:\WINDOWS\SYSTEM32;C:\WINDOWS\WinSxS\amd64_microsoft.windows.common-controls_6595b64144ccf1df_6.0.22621.5413_none_270da5617387a498;c:\Users\lenovo\.vscode\extensions\redhat.java-1.42.0-win32-x64\jre\21.0.7-win32-x86_64\bin\server;C:\Users\lenovo\AppData\Roaming\Code\User\globalStorage\redhat.java\1.42.0\config_win\org.eclipse.equinox.launcher\org.eclipse.equinox.launcher.win32.win32.x86_64_1.2.1300.v20250331-1702;C:\Users\lenovo\AppData\Local\Temp\jna--1813135212

VM Arguments:
jvm_args: --add-modules=ALL-SYSTEM --add-opens=java.base/java.util=ALL-UNNAMED --add-opens=java.base/java.lang=ALL-UNNAMED --add-opens=java.base/sun.nio.fs=ALL-UNNAMED -Declipse.application=org.eclipse.jdt.ls.core.id1 -Dosgi.bundles.defaultStartLevel=4 -Declipse.product=org.eclipse.jdt.ls.core.product -Djava.import.generatesMetadataFilesAtProjectRoot=false -DDetectVMInstallationsJob.disabled=true -Dfile.encoding=utf8 -XX:+UseParallelGC -XX:GCTimeRatio=4 -XX:AdaptiveSizePolicyWeight=90 -Dsun.zip.disableMemoryMapping=true -Xmx1G -Xms100m -Xlog:disable -javaagent:c:\Users\lenovo\.vscode\extensions\redhat.java-1.42.0-win32-x64\lombok\lombok-1.18.36.jar -XX:+HeapDumpOnOutOfMemoryError -XX:HeapDumpPath=c:\Users\lenovo\AppData\Roaming\Code\User\workspaceStorage\badaf9e1b98650bc8b6e5c580e6dca36\redhat.java -Daether.dependencyCollector.impl=bf 
java_command: c:\Users\lenovo\.vscode\extensions\redhat.java-1.42.0-win32-x64\server\plugins\org.eclipse.equinox.launcher_1.7.0.v20250424-1814.jar -configuration c:\Users\lenovo\AppData\Roaming\Code\User\globalStorage\redhat.java\1.42.0\config_win -data c:\Users\lenovo\AppData\Roaming\Code\User\workspaceStorage\badaf9e1b98650bc8b6e5c580e6dca36\redhat.java\jdt_ws --pipe=\\.\pipe\lsp-35ca0acc292b2ac91cdf53756bc58f6f-sock
java_class_path (initial): c:\Users\lenovo\.vscode\extensions\redhat.java-1.42.0-win32-x64\server\plugins\org.eclipse.equinox.launcher_1.7.0.v20250424-1814.jar
Launcher Type: SUN_STANDARD

[Global flags]
    uintx AdaptiveSizePolicyWeight                 = 90                                        {product} {command line}
     intx CICompilerCount                          = 4                                         {product} {ergonomic}
    uintx GCTimeRatio                              = 4                                         {product} {command line}
     bool HeapDumpOnOutOfMemoryError               = true                                   {manageable} {command line}
    ccstr HeapDumpPath                             = c:\Users\lenovo\AppData\Roaming\Code\User\workspaceStorage\badaf9e1b98650bc8b6e5c580e6dca36\redhat.java         {manageable} {command line}
   size_t InitialHeapSize                          = 104857600                                 {product} {command line}
   size_t MaxHeapSize                              = 1073741824                                {product} {command line}
   size_t MaxNewSize                               = 357564416                                 {product} {ergonomic}
   size_t MinHeapDeltaBytes                        = 524288                                    {product} {ergonomic}
   size_t MinHeapSize                              = 104857600                                 {product} {command line}
   size_t NewSize                                  = 34603008                                  {product} {ergonomic}
    uintx NonNMethodCodeHeapSize                   = 5839372                                {pd product} {ergonomic}
    uintx NonProfiledCodeHeapSize                  = 122909434                              {pd product} {ergonomic}
   size_t OldSize                                  = 70254592                                  {product} {ergonomic}
    uintx ProfiledCodeHeapSize                     = 122909434                              {pd product} {ergonomic}
    uintx ReservedCodeCacheSize                    = 251658240                              {pd product} {ergonomic}
     bool SegmentedCodeCache                       = true                                      {product} {ergonomic}
   size_t SoftMaxHeapSize                          = 1073741824                             {manageable} {ergonomic}
     bool UseCompressedOops                        = true                           {product lp64_product} {ergonomic}
     bool UseLargePagesIndividualAllocation        = false                                  {pd product} {ergonomic}
     bool UseParallelGC                            = true                                      {product} {command line}

Logging:
Log output configuration:
 #0: stdout all=off uptime,level,tags foldmultilines=false
 #1: stderr all=off uptime,level,tags foldmultilines=false

Environment Variables:
JAVA_HOME=D:\java1.8
PATH=D:\vmware\bin\;D:\java1.8\bin;D:\java1.8\jre\bin;C:\Windows\system32;C:\Windows;C:\Windows\System32\Wbem;C:\Windows\System32\WindowsPowerShell\v1.0\;C:\Windows\System32\OpenSSH\;C:\Program Files (x86)\NVIDIA Corporation\PhysX\Common;C:\WINDOWS\system32;C:\WINDOWS;C:\WINDOWS\System32\Wbem;C:\WINDOWS\System32\WindowsPowerShell\v1.0\;C:\WINDOWS\System32\OpenSSH\;C:\Program Files\VanDyke Software\SecureCRT\;C:\Program Files\dotnet\;E:\mysql-9.0.0-winx64\mysql-9.0.0-winx64\bin;D:\apache-maven-3.6.1-bin\apache-maven-3.6.1\bin;D:\Git\cmd;D:\web\dll;C:\Program Files\Common Files\Oracle\Java\javapath;D:\nvm;E:\nodejs;D:\nvm;E:\cmake\bin;E:\Postsql15\bin;E:\loadrunner\bin\Silk\Silk Performer 21.0;C:\Users\lenovo\.local\bin;D:\py310\Scripts\;D:\py310\;D:\java1.8\bin;C:\Users\lenovo\AppData\Local\Microsoft\WindowsApps;E:\IntelliJ IDEA 2023.2.3\bin;;E:\Microsoft VS Code\bin;C:\Users\lenovo\AppData\Roaming\npm;D:\pycharm\PyCharm 2024.3.1\bin;;D:\nvm;E:\nodejs;D:\anaconda;D:\anaconda\Scripts;D:\anacond\Library\bin;D:\anaconda\Library\mingw-w64\bin;D:\anaconda\Library\usr\bin;D:\pycharm\PyCharm Community Edition\bin;;E:\cursor\resources\app\bin;C:\Users\lenovo\AppData\Local\GitHubDesktop\bin;E:\CLion\bin;
USERNAME=nowsay my name
OS=Windows_NT
PROCESSOR_IDENTIFIER=Intel64 Family 6 Model 142 Stepping 12, GenuineIntel
TMP=C:\Users\lenovo\AppData\Local\Temp
TEMP=C:\Users\lenovo\AppData\Local\Temp




Periodic native trim disabled

---------------  S Y S T E M  ---------------

OS:
 Windows 11 , 64 bit Build 22621 (10.0.22621.5413)
OS uptime: 0 days 9:09 hours

CPU: total 8 (initial active 8) (4 cores per cpu, 2 threads per core) family 6 model 142 stepping 12 microcode 0xea, cx8, cmov, fxsr, ht, mmx, 3dnowpref, sse, sse2, sse3, ssse3, sse4.1, sse4.2, popcnt, lzcnt, tsc, tscinvbit, avx, avx2, aes, erms, clmul, bmi1, bmi2, adx, fma, vzeroupper, clflush, clflushopt, rdtscp, f16c
Processor Information for the first 8 processors :
  Max Mhz: 2112, Current Mhz: 1609, Mhz Limit: 1605

Memory: 4k page, system-wide physical 12121M (2483M free)
TotalPageFile size 24409M (AvailPageFile size 5M)
current process WorkingSet (physical memory assigned to process): 356M, peak: 374M
current process commit charge ("private bytes"): 406M, peak: 944M

vm_info: OpenJDK 64-Bit Server VM (21.0.7+6-LTS) for windows-amd64 JRE (21.0.7+6-LTS), built on 2025-04-15T00:00:00Z by "admin" with MS VC++ 17.7 (VS2022)

END.
